<?xml version="1.0" encoding="UTF-8"?>
<!-- Generated by org.testng.reporters.JUnitReportReporter -->
<testsuite skipped="0" hostname="ATMECSINLT-084" name="com.atmecs.tutorialsninja.testscripts.Dynamictestng" tests="1" failures="0" timestamp="2019-11-07T12:51:39 IST" time="0.027" errors="1">
  <testcase name="suite_test" time="0.027" classname="com.atmecs.tutorialsninja.testscripts.Dynamictestng">
    <error type="org.testng.TestNGException" message="
Cannot find class in classpath: ">
      <![CDATA[org.testng.TestNGException: 
Cannot find class in classpath: 
at org.testng.xml.XmlClass.loadClass(XmlClass.java:75)
at org.testng.xml.XmlClass.getSupportClass(XmlClass.java:81)
at org.testng.internal.ClassInfoMap.<init>(ClassInfoMap.java:28)
at org.testng.internal.ClassInfoMap.<init>(ClassInfoMap.java:21)
at org.testng.TestRunner.initMethods(TestRunner.java:440)
at org.testng.TestRunner.init(TestRunner.java:342)
at org.testng.TestRunner.init(TestRunner.java:295)
at org.testng.TestRunner.<init>(TestRunner.java:181)
at org.testng.SuiteRunner$DefaultTestRunnerFactory.newTestRunner(SuiteRunner.java:618)
at org.testng.SuiteRunner.init(SuiteRunner.java:196)
at org.testng.SuiteRunner.<init>(SuiteRunner.java:127)
at org.testng.TestNG.createSuiteRunner(TestNG.java:1265)
at org.testng.TestNG.createSuiteRunners(TestNG.java:1244)
at org.testng.TestNG.runSuitesLocally(TestNG.java:1093)
at org.testng.TestNG.runSuites(TestNG.java:1032)
at org.testng.TestNG.run(TestNG.java:1000)
at com.atmecs.tutorialsninja.testscripts.Dynamictestng.suite_test(Dynamictestng.java:65)
at sun.reflect.NativeMethodAccessorImpl.invoke0(Native Method)
at sun.reflect.NativeMethodAccessorImpl.invoke(Unknown Source)
at sun.reflect.DelegatingMethodAccessorImpl.invoke(Unknown Source)
at java.lang.reflect.Method.invoke(Unknown Source)
at org.testng.internal.MethodInvocationHelper.invokeMethod(MethodInvocationHelper.java:133)
at org.testng.internal.TestInvoker.invokeMethod(TestInvoker.java:584)
at org.testng.internal.TestInvoker.invokeTestMethod(TestInvoker.java:172)
at org.testng.internal.MethodRunner.runInSequence(MethodRunner.java:46)
at org.testng.internal.TestInvoker$MethodInvocationAgent.invoke(TestInvoker.java:804)
at org.testng.internal.TestInvoker.invokeTestMethods(TestInvoker.java:145)
at org.testng.internal.TestMethodWorker.invokeTestMethods(TestMethodWorker.java:146)
at org.testng.internal.TestMethodWorker.run(TestMethodWorker.java:128)
at java.util.ArrayList.forEach(Unknown Source)
at org.testng.TestRunner.privateRun(TestRunner.java:770)
at org.testng.TestRunner.run(TestRunner.java:591)
at org.testng.SuiteRunner.runTest(SuiteRunner.java:402)
at org.testng.SuiteRunner.runSequentially(SuiteRunner.java:396)
at org.testng.SuiteRunner.privateRun(SuiteRunner.java:355)
at org.testng.SuiteRunner.run(SuiteRunner.java:304)
at org.testng.SuiteRunnerWorker.runSuite(SuiteRunnerWorker.java:53)
at org.testng.SuiteRunnerWorker.run(SuiteRunnerWorker.java:96)
at org.testng.TestNG.runSuitesSequentially(TestNG.java:1180)
at org.testng.TestNG.runSuitesLocally(TestNG.java:1102)
at org.testng.TestNG.runSuites(TestNG.java:1032)
at org.testng.TestNG.run(TestNG.java:1000)
at org.testng.remote.AbstractRemoteTestNG.run(AbstractRemoteTestNG.java:115)
at org.testng.remote.RemoteTestNG.initAndRun(RemoteTestNG.java:251)
at org.testng.remote.RemoteTestNG.main(RemoteTestNG.java:77)
]]>
    </error>
  </testcase> <!-- suite_test -->
</testsuite> <!-- com.atmecs.tutorialsninja.testscripts.Dynamictestng -->
